<?xml version="1.0" encoding="UTF-8"?>
<testsuite xmlns:xsi="http://www.w3.org/2001/XMLSchema-instance" xsi:noNamespaceSchemaLocation="https://maven.apache.org/surefire/maven-surefire-plugin/xsd/surefire-test-report-3.0.xsd" version="3.0" name="es.us.dp1.lx_xy_24_25.your_game_name.mission.MissionDTOTest" time="0.006" tests="6" errors="0" skipped="0" failures="0">
  <properties>
[...]
</properties>
  <testcase name="testSetMissionNumber" classname="es.us.dp1.lx_xy_24_25.your_game_name.mission.MissionDTOTest" time="0.002"/>
  <testcase name="testParameterizedConstructor" classname="es.us.dp1.lx_xy_24_25.your_game_name.mission.MissionDTOTest" time="0.0"/>
  <testcase name="testSetIdGame" classname="es.us.dp1.lx_xy_24_25.your_game_name.mission.MissionDTOTest" time="0.0"/>
  <testcase name="testSetIdUser" classname="es.us.dp1.lx_xy_24_25.your_game_name.mission.MissionDTOTest" time="0.001"/>
  <testcase name="testSetVote" classname="es.us.dp1.lx_xy_24_25.your_game_name.mission.MissionDTOTest" time="0.001"/>
  <testcase name="testDefaultConstructor" classname="es.us.dp1.lx_xy_24_25.your_game_name.mission.MissionDTOTest" time="0.001"/>
</testsuite>