<?xml version="1.0" encoding="UTF-8"?>
<testsuite xmlns:xsi="http://www.w3.org/2001/XMLSchema-instance" xsi:noNamespaceSchemaLocation="https://maven.apache.org/surefire/maven-surefire-plugin/xsd/surefire-test-report-3.0.xsd" version="3.0" name="es.us.dp1.lx_xy_24_25.your_game_name.auth.AuthServiceTests" time="10.237" tests="2" errors="0" skipped="0" failures="0">
  <properties>
[...]
</properties>
  <testcase name="shouldCreatePlayerUser" classname="es.us.dp1.lx_xy_24_25.your_game_name.auth.AuthServiceTests" time="0.468">
    <system-out><![CDATA[2024-11-11T23:11:59.313+01:00  INFO 18164 --- [           main] t.c.s.AnnotationConfigContextLoaderUtils : Could not detect default configuration classes for test class [es.us.dp1.lx_xy_24_25.your_game_name.auth.AuthServiceTests]: AuthServiceTests does not declare any static, non-private, non-final, nested classes annotated with @Configuration.
2024-11-11T23:11:59.318+01:00  INFO 18164 --- [           main] .b.t.c.SpringBootTestContextBootstrapper : Found @SpringBootConfiguration es.us.dp1.lx_xy_24_25.your_game_name.GameApplication for test class es.us.dp1.lx_xy_24_25.your_game_name.auth.AuthServiceTests
2024-11-11T23:11:59.333+01:00  INFO 18164 --- [           main] o.s.b.d.r.RestartApplicationListener     : Restart disabled due to context in which it is running

  ___    ___ ________  ___  ___  ________          ________  ________  _____ ______   _______          
 |\  \  /  /|\   __  \|\  \|\  \|\   __  \        |\   ____\|\   __  \|\   _ \  _   \|\  ___ \         
 \ \  \/  / | \  \|\  \ \  \\\  \ \  \|\  \       \ \  \___|\ \  \|\  \ \  \\\__\ \  \ \   __/|        
  \ \    / / \ \  \\\  \ \  \\\  \ \   _  _\       \ \  \  __\ \   __  \ \  \\|__| \  \ \  \_|/__      
   \/  /  /   \ \  \\\  \ \  \\\  \ \  \\  \|       \ \  \|\  \ \  \ \  \ \  \    \ \  \ \  \_|\ \     
 __/  / /      \ \_______\ \_______\ \__\\ _\        \ \_______\ \__\ \__\ \__\    \ \__\ \_______\    
|\___/ /        \|_______|\|_______|\|__|\|__|        \|_______|\|__|\|__|\|__|     \|__|\|_______|    
\|___|/                                                                                                
                                                                                                       
               #   ___            o            !!!                          |                ___          |"|         
     &&&       #  <_*_>        ` /_\ '      `  _ _  '          -*~*-        |.===.          /_\ `*       _|_|_        
    (o o)      #  (o o)       - (o o) -    -  (OXO)  -         (o o)        {}o o{}        (o o)         (o o)        
ooO--(_)--Ooo--8---(_)--Ooo-ooO--(_)--Ooo-ooO--(_)--Ooo----ooO--(_)--Ooo-ooO--(_)--Ooo-ooO--(_)--Ooo-ooO--(_)--Ooo----

:: Built with Spring Boot :: 3.3.3


2024-11-11T23:11:59.389+01:00  WARN 18164 --- [           main] ory$DuplicateJsonObjectContextCustomizer : 

Found multiple occurrences of org.json.JSONObject on the class path:

	jar:file:/C:/Users/rafse/.m2/repository/com/vaadin/external/google/android-json/0.0.20131108.vaadin1/android-json-0.0.20131108.vaadin1.jar!/org/json/JSONObject.class
	jar:file:/C:/Users/rafse/.m2/repository/org/json/json/20240303/json-20240303.jar!/org/json/JSONObject.class

You may wish to exclude one of them to ensure predictable runtime behavior

2024-11-11T23:11:59.391+01:00  INFO 18164 --- [           main] e.u.d.l.y.auth.AuthServiceTests          : Starting AuthServiceTests using Java 17.0.12 with PID 18164 (started by rafse in C:\Users\rafse\DP1\DP1-2024-2025--l8-3)
2024-11-11T23:11:59.391+01:00  INFO 18164 --- [           main] e.u.d.l.y.auth.AuthServiceTests          : No active profile set, falling back to 1 default profile: "default"
2024-11-11T23:12:00.997+01:00  INFO 18164 --- [           main] .s.d.r.c.RepositoryConfigurationDelegate : Bootstrapping Spring Data JPA repositories in DEFAULT mode.
2024-11-11T23:12:01.112+01:00  INFO 18164 --- [           main] .s.d.r.c.RepositoryConfigurationDelegate : Finished Spring Data repository scanning in 95 ms. Found 5 JPA repository interfaces.
2024-11-11T23:12:02.081+01:00  INFO 18164 --- [           main] o.hibernate.jpa.internal.util.LogHelper  : HHH000204: Processing PersistenceUnitInfo [name: default]
2024-11-11T23:12:02.251+01:00  INFO 18164 --- [           main] org.hibernate.Version                    : HHH000412: Hibernate ORM core version 6.5.2.Final
2024-11-11T23:12:02.310+01:00  INFO 18164 --- [           main] o.h.c.internal.RegionFactoryInitiator    : HHH000026: Second-level cache disabled
2024-11-11T23:12:02.612+01:00  INFO 18164 --- [           main] o.s.o.j.p.SpringPersistenceUnitInfo      : No LoadTimeWeaver setup: ignoring JPA class transformer
2024-11-11T23:12:02.681+01:00  INFO 18164 --- [           main] com.zaxxer.hikari.HikariDataSource       : testdb - Starting...
2024-11-11T23:12:03.091+01:00  INFO 18164 --- [           main] com.zaxxer.hikari.pool.HikariPool        : testdb - Added connection conn0: url=jdbc:h2:mem:testdb user=SA
2024-11-11T23:12:03.093+01:00  INFO 18164 --- [           main] com.zaxxer.hikari.HikariDataSource       : testdb - Start completed.
2024-11-11T23:12:04.709+01:00  INFO 18164 --- [           main] o.h.e.t.j.p.i.JtaPlatformInitiator       : HHH000489: No JTA platform available (set 'hibernate.transaction.jta.platform' to enable JTA platform integration)
Hibernate: 
    drop table if exists achievement cascade 
Hibernate: 
    drop table if exists appusers cascade 
Hibernate: 
    drop table if exists authorities cascade 
Hibernate: 
    drop table if exists games cascade 
Hibernate: 
    drop table if exists players_in_games cascade 
Hibernate: 
    drop table if exists roles cascade 
Hibernate: 
    drop sequence if exists entity_sequence
Hibernate: 
    create sequence entity_sequence start with 100 increment by 50
Hibernate: 
    create table achievement (
        id integer not null,
        threshold float(53) not null check (threshold>=0),
        badge_image varchar(255),
        description varchar(255),
        name varchar(255) not null,
        metric enum ('GAMES_PLAYED','TOTAL_PLAY_TIME','VICTORIES') not null,
        primary key (id)
    )
Hibernate: 
    create table appusers (
        authority integer not null,
        id integer not null,
        email varchar(255) unique,
        password varchar(255),
        username varchar(255) unique,
        primary key (id)
    )
Hibernate: 
    create table authorities (
        id integer not null,
        authority varchar(20),
        primary key (id)
    )
Hibernate: 
    create table games (
        id integer not null,
        id_creator_user integer not null,
        id_winner_rol integer,
        players_number integer not null check ((players_number>=5) and (players_number<=10)),
        end_date_time timestamp(6),
        start_date_time timestamp(6),
        game_code varchar(10) unique,
        game_name varchar(150) not null,
        chat clob,
        primary key (id)
    )
Hibernate: 
    create table players_in_games (
        id integer not null,
        id_game integer not null,
        id_player integer not null,
        id_rol integer,
        primary key (id)
    )
Hibernate: 
    create table roles (
        id integer not null,
        rol varchar(255) not null,
        primary key (id)
    )
Hibernate: 
    alter table if exists appusers 
       add constraint FKgqebgjja4fdf7rww08icgsqmh 
       foreign key (authority) 
       references authorities
Hibernate: 
    alter table if exists games 
       add constraint FK4afovk37ed805mvj39tp91el1 
       foreign key (id_creator_user) 
       references appusers
Hibernate: 
    alter table if exists games 
       add constraint FKq8kc6voo67nhuoab7kfwwn868 
       foreign key (id_winner_rol) 
       references roles
Hibernate: 
    alter table if exists players_in_games 
       add constraint FKp0x8w8eo00ho1sb7u4knoclq 
       foreign key (id_game) 
       references games
Hibernate: 
    alter table if exists players_in_games 
       add constraint FKpxiwe5vxvlcyilbr20j33vt2g 
       foreign key (id_player) 
       references appusers
Hibernate: 
    alter table if exists players_in_games 
       add constraint FKhm7lph7xidtmodoh8qlw3ohj0 
       foreign key (id_rol) 
       references roles
2024-11-11T23:12:04.855+01:00  INFO 18164 --- [           main] j.LocalContainerEntityManagerFactoryBean : Initialized JPA EntityManagerFactory for persistence unit 'default'
2024-11-11T23:12:05.609+01:00  INFO 18164 --- [           main] o.s.d.j.r.query.QueryEnhancerFactory     : Hibernate is in classpath; If applicable, HQL parser will be used.
2024-11-11T23:12:06.412+01:00  INFO 18164 --- [           main] r$InitializeUserDetailsManagerConfigurer : Global AuthenticationManager configured with UserDetailsService bean with name userDetailsServiceImpl
2024-11-11T23:12:07.046+01:00  WARN 18164 --- [           main] JpaBaseConfiguration$JpaWebConfiguration : spring.jpa.open-in-view is enabled by default. Therefore, database queries may be performed during view rendering. Explicitly configure spring.jpa.open-in-view to disable this warning
2024-11-11T23:12:07.743+01:00  INFO 18164 --- [           main] o.s.b.a.e.web.EndpointLinksResolver      : Exposing 1 endpoint beneath base path '/actuator'
2024-11-11T23:12:08.635+01:00  INFO 18164 --- [           main] o.s.b.a.h2.H2ConsoleAutoConfiguration    : H2 console available at '/h2-console'. Database available at 'jdbc:h2:mem:testdb'
2024-11-11T23:12:08.899+01:00  INFO 18164 --- [           main] e.u.d.l.y.auth.AuthServiceTests          : Started AuthServiceTests in 9.566 seconds (process running for 19.176)
Hibernate: 
    select
        distinct a1_0.id,
        a1_0.authority 
    from
        authorities a1_0 
    where
        a1_0.authority like ? escape ''
Hibernate: 
    select
        next value for entity_sequence
Hibernate: 
    insert 
    into
        appusers
        (authority, email, password, username, id) 
    values
        (?, ?, ?, ?, ?)
Hibernate: 
    select
        u1_0.id,
        u1_0.authority,
        u1_0.email,
        u1_0.password,
        u1_0.username 
    from
        appusers u1_0
Hibernate: 
    select
        a1_0.id,
        a1_0.authority 
    from
        authorities a1_0 
    where
        a1_0.id=?
Hibernate: 
    select
        distinct a1_0.id,
        a1_0.authority 
    from
        authorities a1_0 
    where
        a1_0.authority like ? escape ''
Hibernate: 
    select
        next value for entity_sequence
Hibernate: 
    insert 
    into
        appusers
        (authority, email, password, username, id) 
    values
        (?, ?, ?, ?, ?)
Hibernate: 
    select
        u1_0.id,
        u1_0.authority,
        u1_0.email,
        u1_0.password,
        u1_0.username 
    from
        appusers u1_0
]]></system-out>
  </testcase>
  <testcase name="shouldCreateAdminUser" classname="es.us.dp1.lx_xy_24_25.your_game_name.auth.AuthServiceTests" time="0.11">
    <system-out><![CDATA[Hibernate: 
    select
        u1_0.id,
        u1_0.authority,
        u1_0.email,
        u1_0.password,
        u1_0.username 
    from
        appusers u1_0
Hibernate: 
    select
        a1_0.id,
        a1_0.authority 
    from
        authorities a1_0 
    where
        a1_0.id=?
Hibernate: 
    select
        a1_0.id,
        a1_0.authority 
    from
        authorities a1_0 
    where
        a1_0.id=?
Hibernate: 
    select
        distinct a1_0.id,
        a1_0.authority 
    from
        authorities a1_0 
    where
        a1_0.authority like ? escape ''
Hibernate: 
    insert 
    into
        appusers
        (authority, email, password, username, id) 
    values
        (?, ?, ?, ?, ?)
Hibernate: 
    select
        u1_0.id,
        u1_0.authority,
        u1_0.email,
        u1_0.password,
        u1_0.username 
    from
        appusers u1_0
]]></system-out>
  </testcase>
</testsuite>